<?xml version="1.0" encoding="UTF-8"?>
<testng-results ignored="0" total="2" passed="2" failed="0" skipped="0">
  <reporter-output>
  </reporter-output>
  <suite started-at="2022-06-28T10:15:57 COT" name="Default suite" finished-at="2022-06-28T10:19:54 COT" duration-ms="237223">
    <groups>
    </groups>
    <test started-at="2022-06-28T10:15:57 COT" name="Default test" finished-at="2022-06-28T10:19:54 COT" duration-ms="237223">
      <class name="com.qualitystream.testng.TestNGDataProviderExample">
        <test-method is-config="true" signature="beforeClass()[pri:0, instance:com.qualitystream.testng.TestNGDataProviderExample@41a0aa7d]" started-at="2022-06-28T10:15:57 COT" name="beforeClass" finished-at="2022-06-28T10:17:14 COT" duration-ms="77344" status="PASS">
          <reporter-output>
          </reporter-output>
        </test-method> <!-- beforeClass -->
        <test-method signature="login(java.lang.String,java.lang.String)[pri:0, instance:com.qualitystream.testng.TestNGDataProviderExample@41a0aa7d]" started-at="2022-06-28T10:17:14 COT" name="login" data-provider="authenticationData" finished-at="2022-06-28T10:19:11 COT" duration-ms="116769" status="PASS">
          <params>
            <param index="0">
              <value>
                <![CDATA[qs123@gmail.com]]>
              </value>
            </param>
            <param index="1">
              <value>
                <![CDATA[qs123]]>
              </value>
            </param>
          </params>
          <reporter-output>
          </reporter-output>
        </test-method> <!-- login -->
        <test-method signature="login(java.lang.String,java.lang.String)[pri:0, instance:com.qualitystream.testng.TestNGDataProviderExample@41a0aa7d]" started-at="2022-06-28T10:19:11 COT" name="login" data-provider="authenticationData" finished-at="2022-06-28T10:19:54 COT" duration-ms="43071" status="PASS">
          <params>
            <param index="0">
              <value>
                <![CDATA[testng_qs@gmail.com]]>
              </value>
            </param>
            <param index="1">
              <value>
                <![CDATA[qs123]]>
              </value>
            </param>
          </params>
          <reporter-output>
          </reporter-output>
        </test-method> <!-- login -->
        <test-method is-config="true" signature="afterClass()[pri:0, instance:com.qualitystream.testng.TestNGDataProviderExample@41a0aa7d]" started-at="2022-06-28T10:19:54 COT" name="afterClass" finished-at="2022-06-28T10:19:54 COT" duration-ms="1" status="PASS">
          <reporter-output>
          </reporter-output>
        </test-method> <!-- afterClass -->
      </class> <!-- com.qualitystream.testng.TestNGDataProviderExample -->
    </test> <!-- Default test -->
  </suite> <!-- Default suite -->
</testng-results>
