<?xml version="1.0" encoding="UTF-8"?>
<testng-results ignored="0" total="1" passed="1" failed="0" skipped="0">
  <reporter-output>
  </reporter-output>
  <suite started-at="2022-06-28T07:55:17 COT" name="Default suite" finished-at="2022-06-28T07:57:11 COT" duration-ms="113902">
    <groups>
    </groups>
    <test started-at="2022-06-28T07:55:17 COT" name="Default test" finished-at="2022-06-28T07:57:11 COT" duration-ms="113902">
      <class name="com.qualitystream.testng.TestNGExample">
        <test-method is-config="true" signature="beforeClass()[pri:0, instance:com.qualitystream.testng.TestNGExample@2e3967ea]" started-at="2022-06-28T07:55:17 COT" name="beforeClass" finished-at="2022-06-28T07:56:34 COT" duration-ms="77017" status="PASS">
          <reporter-output>
          </reporter-output>
        </test-method> <!-- beforeClass -->
        <test-method signature="search_Blouses()[pri:0, instance:com.qualitystream.testng.TestNGExample@2e3967ea]" started-at="2022-06-28T07:56:34 COT" name="search_Blouses" finished-at="2022-06-28T07:57:11 COT" duration-ms="36852" status="PASS">
          <reporter-output>
          </reporter-output>
        </test-method> <!-- search_Blouses -->
        <test-method is-config="true" signature="afterClass()[pri:0, instance:com.qualitystream.testng.TestNGExample@2e3967ea]" started-at="2022-06-28T07:57:11 COT" name="afterClass" finished-at="2022-06-28T07:57:11 COT" duration-ms="0" status="PASS">
          <reporter-output>
          </reporter-output>
        </test-method> <!-- afterClass -->
      </class> <!-- com.qualitystream.testng.TestNGExample -->
    </test> <!-- Default test -->
  </suite> <!-- Default suite -->
</testng-results>
